<?xml version="1.0" encoding="UTF-8"?><testsuite errors="0" failures="0" name="com.gorest.testsuite.UserCrudTest" skipped="0" tests="3" time="8.05" timestamp="2023-01-03T22:46:47.738Z[Europe/London]"><testcase classname="com.gorest.testsuite.UserCrudTest" name="This will create new user"/><testcase classname="com.gorest.testsuite.UserCrudTest" name="This test will Update the user information"/><testcase classname="com.gorest.testsuite.UserCrudTest" name="Delete the student and verify if the user is deleted!"/></testsuite>