<?xml version="1.0" encoding="UTF-8"?><testsuite errors="0" failures="2" name="User Application" skipped="0" tests="2" time="6.07" timestamp="2023-01-10T22:26:46.394Z[Europe/London]"><testcase name="Crud Test"><failure message="1 expectation failed.&#10;Expected status code &lt;201&gt; but was &lt;404&gt;.&#10;" type="java.lang.AssertionError">1 expectation failed.
Expected status code &lt;201&gt; but was &lt;404&gt;.
</failure><system-err>1 expectation failed.
Expected status code &lt;201&gt; but was &lt;404&gt;.
&#13;
io.restassured.internal.ResponseSpecificationImpl.validateResponseIfRequired(ResponseSpecificationImpl.groovy:636)&#13;
io.restassured.internal.ResponseSpecificationImpl.statusCode(ResponseSpecificationImpl.groovy:122)&#13;
io.restassured.internal.ResponseSpecificationImpl.statusCode(ResponseSpecificationImpl.groovy:130)&#13;
io.restassured.internal.ValidatableResponseOptionsImpl.statusCode(ValidatableResponseOptionsImpl.java:117)&#13;
com.gorest.cucumber.steps.CrudStepdefs.iVerifyThatTheUserWithIsCreated(CrudStepdefs.java:38)&#13;
âœ½.Then I verify that the user with "Radhika" is created(userCRUD.feature:8)&#13;
</system-err></testcase></testsuite>